<?xml version="1.0" encoding="UTF-8"?>
<!-- Generated by org.testng.reporters.JUnitReportReporter -->
<testsuite hostname="MSI" failures="0" tests="3" name="com.tuitorialninja.qa.testcases.Search" time="17.042" errors="0" timestamp="2023-09-15T00:01:51 MST" skipped="0">
  <testcase classname="com.tuitorialninja.qa.testcases.Search" name="verifySearchWithValidProduct" time="5.345"/>
  <testcase classname="com.tuitorialninja.qa.testcases.Search" name="verifySearchWithInvalidProduct" time="5.817"/>
  <testcase classname="com.tuitorialninja.qa.testcases.Search" name="verifySearchWithoutAnyProduct" time="5.880"/>
</testsuite> <!-- com.tuitorialninja.qa.testcases.Search -->
