<?xml version="1.0" encoding="UTF-8"?>
<!-- Generated by org.testng.reporters.JUnitReportReporter -->
<testsuite hostname="MSI" failures="0" tests="4" name="com.tuitorialninja.qa.testcases.Register" time="28.196" errors="0" timestamp="2023-09-15T00:01:51 MST" skipped="0">
  <testcase classname="com.tuitorialninja.qa.testcases.Register" name="verifyRegisteringAnAccountWithMandatoryFields" time="6.929"/>
  <testcase classname="com.tuitorialninja.qa.testcases.Register" name="verifyRegisteringAnAccountByProvidingAllFields" time="7.006"/>
  <testcase classname="com.tuitorialninja.qa.testcases.Register" name="verifyRegesteringAccountWithExistingEmailAddress" time="6.632"/>
  <testcase classname="com.tuitorialninja.qa.testcases.Register" name="verifyRegisteringAnAccountWithoutProvidingFillingAnyDetails" time="7.629"/>
</testsuite> <!-- com.tuitorialninja.qa.testcases.Register -->
